#
# There is insufficient memory for the Java Runtime Environment to continue.
# Native memory allocation (mmap) failed to map 268435456 bytes for Failed to commit area from 0x0000000701000000 to 0x0000000711000000 of length 268435456.
# Possible reasons:
#   The system is out of physical RAM or swap space
#   The process is running with CompressedOops enabled, and the Java Heap may be blocking the growth of the native heap
# Possible solutions:
#   Reduce memory load on the system
#   Increase physical memory or swap space
#   Check if swap backing store is full
#   Decrease Java heap size (-Xmx/-Xms)
#   Decrease number of Java threads
#   Decrease Java thread stack sizes (-Xss)
#   Set larger code cache with -XX:ReservedCodeCacheSize=
# This output file may be truncated or incomplete.
#
#  Out of Memory Error (c:/BuildAgent/work/5ff2f6c26000d570/src/hotspot/os/windows/os_windows.cpp:3281), pid=15516, tid=8668
#
# JRE version:  (11.0.4+10) (build )
# Java VM: OpenJDK 64-Bit Server VM (11.0.4+10-b520.11, mixed mode, aot, sharing, tiered, compressed oops, g1 gc, windows-amd64)
# No core dump will be written. Minidumps are not enabled by default on client versions of Windows
#

---------------  S U M M A R Y ------------

Command Line: org.jetbrains.git4idea.http.GitAskPassApp Password for 'https://Liqiang1996612@bitbucket.org': 

Host: Intel(R) Core(TM) i7-8700 CPU @ 3.20GHz, 12 cores, 15G,  Windows 10 , 64 bit Build 18362 (10.0.18362.329)
Time: Fri Dec 20 02:50:41 2019 China Standard Time elapsed time: 0 seconds (0d 0h 0m 0s)

---------------  T H R E A D  ---------------

Current thread (0x000001f9fbd26000):  JavaThread "Unknown thread" [_thread_in_vm, id=8668, stack(0x0000005aec400000,0x0000005aec500000)]

Stack: [0x0000005aec400000,0x0000005aec500000]
Native frames: (J=compiled Java code, j=interpreted, Vv=VM code, C=native code)
V  [jvm.dll+0x5db21a]
V  [jvm.dll+0x70c4f5]
V  [jvm.dll+0x70da18]
V  [jvm.dll+0x70e0e3]
V  [jvm.dll+0x23de68]
V  [jvm.dll+0x5d8984]
V  [jvm.dll+0x5cda05]
V  [jvm.dll+0x2fa6bb]
V  [jvm.dll+0x2fa62a]
V  [jvm.dll+0x2fa502]
V  [jvm.dll+0x2ff3c6]
V  [jvm.dll+0x3478b3]
V  [jvm.dll+0x347fb6]
V  [jvm.dll+0x3479b3]
V  [jvm.dll+0x2d4f98]
V  [jvm.dll+0x2d6147]
V  [jvm.dll+0x6eb6e7]
V  [jvm.dll+0x6ecedc]
V  [jvm.dll+0x354fe9]
V  [jvm.dll+0x6d35ae]
V  [jvm.dll+0x3bd7e3]
V  [jvm.dll+0x3bfb81]
C  [java.exe+0x3763]
C  [java.exe+0x17a0c]
C  [KERNEL32.DLL+0x17bd4]
C  [ntdll.dll+0x6ced1]


---------------  P R O C E S S  ---------------

Threads class SMR info:
_java_thread_list=0x000001f9f9a24bd0, length=0, elements={
}

Java Threads: ( => current thread )

Other Threads:
  0x000001f9fbd3c000 GCTaskThread "GC Thread#0" [stack: 0x0000005aec500000,0x0000005aec600000] [id=18072]
  0x000001f9fbd99800 ConcurrentGCThread "G1 Main Marker" [stack: 0x0000005aec600000,0x0000005aec700000] [id=18616]
  0x000001f9fbd9b800 ConcurrentGCThread "G1 Conc#0" [stack: 0x0000005aec700000,0x0000005aec800000] [id=10128]

[error occurred during error reporting (printing all threads), id 0xc0000005, EXCEPTION_ACCESS_VIOLATION (0xc0000005) at pc=0x00007ffcd62d58a7]

VM state:not at safepoint (not fully initialized)

VM Mutex/Monitor currently owned by a thread:  ([mutex/lock_event])
[0x000001f9fbd23230] Heap_lock - owner thread: 0x000001f9fbd26000

Heap address: 0x0000000701000000, size: 4080 MB, Compressed Oops mode: Non-zero based: 0x0000000701000000
Narrow klass base: 0x0000000000000000, Narrow klass shift: 0

GC Heap History (0 events):
No events

Deoptimization events (0 events):
No events

Classes redefined (0 events):
No events

Internal exceptions (0 events):
No events

Events (0 events):
No events


Dynamic libraries:
0x00007ff6b3a50000 - 0x00007ff6b3a97000 	C:\Program Files\JetBrains\PhpStorm 2019.3\jbr\bin\java.exe
0x00007ffd01240000 - 0x00007ffd01430000 	C:\WINDOWS\SYSTEM32\ntdll.dll
0x00007ffcff890000 - 0x00007ffcff942000 	C:\WINDOWS\System32\KERNEL32.DLL
0x00007ffcff040000 - 0x00007ffcff2e3000 	C:\WINDOWS\System32\KERNELBASE.dll
0x00007ffcffd10000 - 0x00007ffcffea4000 	C:\WINDOWS\System32\USER32.dll
0x00007ffcfef70000 - 0x00007ffcfef91000 	C:\WINDOWS\System32\win32u.dll
0x00007ffd011b0000 - 0x00007ffd011d6000 	C:\WINDOWS\System32\GDI32.dll
0x00007ffcfe370000 - 0x00007ffcfe504000 	C:\WINDOWS\System32\gdi32full.dll
0x00007ffcfefa0000 - 0x00007ffcff03e000 	C:\WINDOWS\System32\msvcp_win.dll
0x00007ffcfe620000 - 0x00007ffcfe71a000 	C:\WINDOWS\System32\ucrtbase.dll
0x00007ffcf08c0000 - 0x00007ffcf0b45000 	C:\WINDOWS\WinSxS\amd64_microsoft.windows.common-controls_6595b64144ccf1df_6.0.18362.535_none_e6c3b34713100821\COMCTL32.dll
0x00007ffcff4c0000 - 0x00007ffcff55e000 	C:\WINDOWS\System32\msvcrt.dll
0x00007ffcff950000 - 0x00007ffcffc86000 	C:\WINDOWS\System32\combase.dll
0x00007ffd00eb0000 - 0x00007ffd00fd0000 	C:\WINDOWS\System32\RPCRT4.dll
0x00007ffcfe5a0000 - 0x00007ffcfe620000 	C:\WINDOWS\System32\bcryptPrimitives.dll
0x00007ffd01110000 - 0x00007ffd0113e000 	C:\WINDOWS\System32\IMM32.DLL
0x00007ffcfc290000 - 0x00007ffcfc2a7000 	C:\Program Files\JetBrains\PhpStorm 2019.3\jbr\bin\vcruntime140.dll
0x00007ffcf6f20000 - 0x00007ffcf6fbd000 	C:\Program Files\JetBrains\PhpStorm 2019.3\jbr\bin\msvcp140.dll
0x00007ffcd5ff0000 - 0x00007ffcd6aa8000 	C:\Program Files\JetBrains\PhpStorm 2019.3\jbr\bin\server\jvm.dll
0x00007ffd00070000 - 0x00007ffd00113000 	C:\WINDOWS\System32\ADVAPI32.dll
0x00007ffd006c0000 - 0x00007ffd00757000 	C:\WINDOWS\System32\sechost.dll
0x00007ffd00060000 - 0x00007ffd00068000 	C:\WINDOWS\System32\PSAPI.DLL
0x00007ffcfabb0000 - 0x00007ffcfabb9000 	C:\WINDOWS\SYSTEM32\WSOCK32.dll
0x00007ffcfc360000 - 0x00007ffcfc384000 	C:\WINDOWS\SYSTEM32\WINMM.dll
0x00007ffd01140000 - 0x00007ffd011af000 	C:\WINDOWS\System32\WS2_32.dll
0x00007ffcfa390000 - 0x00007ffcfa39a000 	C:\WINDOWS\SYSTEM32\VERSION.dll
0x00007ffcfbce0000 - 0x00007ffcfbd0d000 	C:\WINDOWS\SYSTEM32\winmmbase.dll
0x00007ffcfe1d0000 - 0x00007ffcfe21a000 	C:\WINDOWS\System32\cfgmgr32.dll
0x00007ffcfe120000 - 0x00007ffcfe131000 	C:\WINDOWS\System32\kernel.appcore.dll
0x00007ffcedab0000 - 0x00007ffcedac1000 	C:\Program Files\JetBrains\PhpStorm 2019.3\jbr\bin\verify.dll
0x00007ffcec860000 - 0x00007ffceca54000 	C:\WINDOWS\SYSTEM32\DBGHELP.DLL
0x00007ffcec610000 - 0x00007ffcec63a000 	C:\WINDOWS\SYSTEM32\dbgcore.DLL
0x00007ffceda80000 - 0x00007ffcedaa9000 	C:\Program Files\JetBrains\PhpStorm 2019.3\jbr\bin\java.dll
0x00007ffceda60000 - 0x00007ffceda77000 	C:\Program Files\JetBrains\PhpStorm 2019.3\jbr\bin\zip.dll
0x00007ffcf7410000 - 0x00007ffcf741b000 	C:\Program Files\JetBrains\PhpStorm 2019.3\jbr\bin\jimage.dll

dbghelp: loaded successfully - version: 4.0.5 - missing functions: none
symbol engine: initialized successfully - sym options: 0x614 - pdb path: .;C:\Program Files\JetBrains\PhpStorm 2019.3\jbr\bin;C:\WINDOWS\SYSTEM32;C:\WINDOWS\WinSxS\amd64_microsoft.windows.common-controls_6595b64144ccf1df_6.0.18362.535_none_e6c3b34713100821;C:\Program Files\JetBrains\PhpStorm 2019.3\jbr\bin\server

VM Arguments:
java_command: org.jetbrains.git4idea.http.GitAskPassApp Password for 'https://Liqiang1996612@bitbucket.org': 
java_class_path (initial): C:/Program Files/JetBrains/PhpStorm 2019.3/plugins/git4idea/lib/git4idea-rt.jar;C:/Program Files/JetBrains/PhpStorm 2019.3/lib/xmlrpc-2.0.1.jar;C:/Program Files/JetBrains/PhpStorm 2019.3/lib/commons-codec-1.13.jar;C:/Program Files/JetBrains/PhpStorm 2019.3/lib/util.jar
Launcher Type: SUN_STANDARD

[Global flags]
     intx CICompilerCount                          = 4                                         {product} {ergonomic}
     uint ConcGCThreads                            = 3                                         {product} {ergonomic}
     uint G1ConcRefinementThreads                  = 10                                        {product} {ergonomic}
   size_t G1HeapRegionSize                         = 1048576                                   {product} {ergonomic}
    uintx GCDrainStackTargetSize                   = 64                                        {product} {ergonomic}
   size_t InitialHeapSize                          = 268435456                                 {product} {ergonomic}
   size_t MarkStackSize                            = 4194304                                   {product} {ergonomic}
   size_t MaxHeapSize                              = 4278190080                                {product} {ergonomic}
   size_t MinHeapDeltaBytes                        = 1048576                                   {product} {ergonomic}
    uintx NonNMethodCodeHeapSize                   = 5835340                                {pd product} {ergonomic}
    uintx NonProfiledCodeHeapSize                  = 122911450                              {pd product} {ergonomic}
    uintx ProfiledCodeHeapSize                     = 122911450                              {pd product} {ergonomic}
    uintx ReservedCodeCacheSize                    = 251658240                              {pd product} {ergonomic}
     bool SegmentedCodeCache                       = true                                      {product} {ergonomic}
     bool UseCompressedClassPointers               = true                                 {lp64_product} {ergonomic}
     bool UseCompressedOops                        = true                                 {lp64_product} {ergonomic}
     bool UseG1GC                                  = true                                      {product} {ergonomic}
     bool UseLargePagesIndividualAllocation        = false                                  {pd product} {ergonomic}

Logging:
Log output configuration:
 #0: stdout all=warning uptime,level,tags
 #1: stderr all=off uptime,level,tags

Environment Variables:
PATH=C:\Program Files\Git\mingw64\libexec\git-core;C:\Program Files\Git\mingw64\libexec\git-core;C:\Program Files\Git\mingw64\bin;C:\Program Files\Git\usr\bin;C:\Users\Administrator\bin;C:\Program Files (x86)\Common Files\Oracle\Java\javapath;C:\WINDOWS\system32;C:\WINDOWS;C:\WINDOWS\System32\Wbem;C:\WINDOWS\System32\WindowsPowerShell\v1.0;C:\Program Files\dotnet;C:\Program Files\nodejs;C:\WINDOWS\System32\OpenSSH;C:\Program Files\Git\cmd;C:\xampp\php;C:\composer;C:\Program Files\Microsoft SQL Server\130\Tools\Binn;C:\Program Files\Dart\dart-sdk\bin;C:\Program Files\PuTTY;C:\Users\Administrator\AppData\Local\Microsoft\WindowsApps;C:\Users\Administrator\AppData\Local\Programs\Microsoft VS Code\bin;C:\Users\Administrator\AppData\Roaming\npm;C:\Users\Administrator\.dotnet\tools;C:\Users\Administrator\AppData\Roaming\Composer\vendor\bin;C:\Users\Administrator\AppData\Local\GitHubDesktop\bin;C:\Users\Administrator\AppData\Local\Microsoft\WindowsApps;C:\src\flutter\bin;C:\Program Files\JetBrains\PhpStorm 2019.3\bin
USERNAME=Administrator
DISPLAY=:0.0
OS=Windows_NT
PROCESSOR_IDENTIFIER=Intel64 Family 6 Model 158 Stepping 10, GenuineIntel



---------------  S Y S T E M  ---------------

OS: Windows 10 , 64 bit Build 18362 (10.0.18362.329)

CPU:total 12 (initial active 12) (6 cores per cpu, 2 threads per core) family 6 model 158 stepping 10, cmov, cx8, fxsr, mmx, sse, sse2, sse3, ssse3, sse4.1, sse4.2, popcnt, avx, avx2, aes, clmul, erms, rtm, 3dnowpref, lzcnt, ht, tsc, tscinvbit, bmi1, bmi2, adx, fma

Memory: 4k page, system-wide physical 16317M (1171M free)
TotalPageFile size 30482M (AvailPageFile size 143M)
current process WorkingSet (physical memory assigned to process): 10M, peak: 10M
current process commit charge ("private bytes"): 64M, peak: 320M

vm_info: OpenJDK 64-Bit Server VM (11.0.4+10-b520.11) for windows-amd64 JRE (11.0.4+10-b520.11), built on Nov 16 2019 04:35:14 by "" with MS VC++ 14.0 (VS2015)

END.
